2025-01-23 11:37:00,125 - DEBUG - Starting new HTTPS connection (1): tranco-list.eu:443
2025-01-23 11:37:01,040 - DEBUG - https://tranco-list.eu:443 "GET /top-1m.csv.zip HTTP/1.1" 307 23
2025-01-23 11:37:01,413 - DEBUG - https://tranco-list.eu:443 "GET /download/daily/top-1m.csv.zip HTTP/1.1" 200 9739094
2025-01-23 11:37:02,522 - INFO - [31m[1mWARNING: This is a development server. Do not use it in a production deployment. Use a production WSGI server instead.[0m
 * Running on http://127.0.0.1:5000
2025-01-23 11:37:02,523 - INFO - [33mPress CTRL+C to quit[0m
2025-01-23 11:37:02,525 - INFO -  * Restarting with stat
2025-01-23 11:37:02,943 - DEBUG - Starting new HTTPS connection (1): tranco-list.eu:443
2025-01-23 11:37:03,178 - DEBUG - https://tranco-list.eu:443 "GET /top-1m.csv.zip HTTP/1.1" 307 23
2025-01-23 11:37:03,209 - DEBUG - https://tranco-list.eu:443 "GET /download/daily/top-1m.csv.zip HTTP/1.1" 200 9739094
2025-01-23 11:37:04,416 - WARNING -  * Debugger is active!
2025-01-23 11:37:04,420 - INFO -  * Debugger PIN: 109-864-221
2025-01-23 11:41:26,459 - DEBUG - Starting new HTTPS connection (1): tranco-list.eu:443
2025-01-23 11:41:26,941 - DEBUG - https://tranco-list.eu:443 "GET /top-1m.csv.zip HTTP/1.1" 307 23
2025-01-23 11:41:26,968 - DEBUG - https://tranco-list.eu:443 "GET /download/daily/top-1m.csv.zip HTTP/1.1" 200 9739094
2025-01-23 11:41:28,041 - INFO - [31m[1mWARNING: This is a development server. Do not use it in a production deployment. Use a production WSGI server instead.[0m
 * Running on http://127.0.0.1:5000
2025-01-23 11:41:28,041 - INFO - [33mPress CTRL+C to quit[0m
2025-01-23 11:41:28,043 - INFO -  * Restarting with stat
2025-01-23 11:41:28,457 - DEBUG - Starting new HTTPS connection (1): tranco-list.eu:443
2025-01-23 11:41:28,672 - DEBUG - https://tranco-list.eu:443 "GET /top-1m.csv.zip HTTP/1.1" 307 23
2025-01-23 11:41:28,706 - DEBUG - https://tranco-list.eu:443 "GET /download/daily/top-1m.csv.zip HTTP/1.1" 200 9739094
2025-01-23 11:41:29,803 - WARNING -  * Debugger is active!
2025-01-23 11:41:29,807 - INFO -  * Debugger PIN: 109-864-221
2025-01-23 11:41:41,922 - INFO - 127.0.0.1 - - [23/Jan/2025 11:41:41] "[33mGET / HTTP/1.1[0m" 404 -
2025-01-23 11:41:42,146 - INFO - 127.0.0.1 - - [23/Jan/2025 11:41:42] "[33mGET /favicon.ico HTTP/1.1[0m" 404 -
2025-01-23 11:42:30,911 - INFO - 127.0.0.1 - - [23/Jan/2025 11:42:30] "[33mGET / HTTP/1.1[0m" 404 -
2025-01-23 11:44:06,079 - DEBUG - Starting new HTTPS connection (1): tranco-list.eu:443
2025-01-23 11:44:06,635 - DEBUG - https://tranco-list.eu:443 "GET /top-1m.csv.zip HTTP/1.1" 307 23
2025-01-23 11:44:06,671 - DEBUG - https://tranco-list.eu:443 "GET /download/daily/top-1m.csv.zip HTTP/1.1" 200 9739094
2025-01-23 11:44:07,816 - INFO - [31m[1mWARNING: This is a development server. Do not use it in a production deployment. Use a production WSGI server instead.[0m
 * Running on http://127.0.0.1:5000
2025-01-23 11:44:07,816 - INFO - [33mPress CTRL+C to quit[0m
2025-01-23 11:44:07,818 - INFO -  * Restarting with stat
2025-01-23 11:44:08,273 - DEBUG - Starting new HTTPS connection (1): tranco-list.eu:443
2025-01-23 11:44:08,498 - DEBUG - https://tranco-list.eu:443 "GET /top-1m.csv.zip HTTP/1.1" 307 23
2025-01-23 11:44:08,528 - DEBUG - https://tranco-list.eu:443 "GET /download/daily/top-1m.csv.zip HTTP/1.1" 200 9739094
2025-01-23 11:44:09,693 - WARNING -  * Debugger is active!
2025-01-23 11:44:09,697 - INFO -  * Debugger PIN: 109-864-221
2025-01-23 11:44:21,816 - INFO - 127.0.0.1 - - [23/Jan/2025 11:44:21] "[31m[1mGET /analyze_url HTTP/1.1[0m" 405 -
2025-01-23 11:48:25,540 - DEBUG - Starting new HTTPS connection (1): tranco-list.eu:443
2025-01-23 11:48:26,007 - DEBUG - https://tranco-list.eu:443 "GET /top-1m.csv.zip HTTP/1.1" 307 23
2025-01-23 11:48:26,038 - DEBUG - https://tranco-list.eu:443 "GET /download/daily/top-1m.csv.zip HTTP/1.1" 200 9739094
2025-01-23 11:48:27,316 - INFO - [31m[1mWARNING: This is a development server. Do not use it in a production deployment. Use a production WSGI server instead.[0m
 * Running on http://127.0.0.1:5000
2025-01-23 11:48:27,317 - INFO - [33mPress CTRL+C to quit[0m
2025-01-23 11:48:27,319 - INFO -  * Restarting with stat
2025-01-23 11:48:27,803 - DEBUG - Starting new HTTPS connection (1): tranco-list.eu:443
2025-01-23 11:48:28,009 - DEBUG - https://tranco-list.eu:443 "GET /top-1m.csv.zip HTTP/1.1" 307 23
2025-01-23 11:48:28,046 - DEBUG - https://tranco-list.eu:443 "GET /download/daily/top-1m.csv.zip HTTP/1.1" 200 9739094
2025-01-23 11:48:29,238 - WARNING -  * Debugger is active!
2025-01-23 11:48:29,243 - INFO -  * Debugger PIN: 109-864-221
2025-01-23 11:48:36,187 - INFO - Received request to analyze URL: http://example.com
2025-01-23 11:48:36,188 - INFO - Starting redirect chain analysis for URL: http://example.com
2025-01-23 11:48:36,189 - DEBUG - Starting new HTTP connection (1): example.com:80
2025-01-23 11:48:36,289 - DEBUG - http://example.com:80 "GET / HTTP/1.1" 200 648
2025-01-23 11:48:36,291 - INFO - Final URL after redirects: http://example.com/
2025-01-23 11:48:36,291 - INFO - Checking URL against Google Safe Browsing: http://example.com/
2025-01-23 11:48:36,293 - DEBUG - Starting new HTTPS connection (1): safebrowsing.googleapis.com:443
2025-01-23 11:48:36,355 - DEBUG - https://safebrowsing.googleapis.com:443 "POST /v4/threatMatches:find?key=AIzaSyCISF0aUZRzWEni1VkqlwJfOGbi2ejqA8Y HTTP/1.1" 200 3
2025-01-23 11:48:36,356 - DEBUG - Google Safe Browsing response for http://example.com/: {}
2025-01-23 11:48:36,360 - DEBUG - Starting new HTTP connection (1): example.com:80
2025-01-23 11:48:36,439 - DEBUG - http://example.com:80 "GET / HTTP/1.1" 200 648
2025-01-23 11:48:36,441 - INFO - Analysis completed for URL: http://example.com
2025-01-23 11:48:36,442 - INFO - 127.0.0.1 - - [23/Jan/2025 11:48:36] "POST /analyze_url HTTP/1.1" 200 -
2025-01-23 11:56:33,896 - DEBUG - Starting new HTTPS connection (1): tranco-list.eu:443
2025-01-23 11:56:34,813 - DEBUG - https://tranco-list.eu:443 "GET /top-1m.csv.zip HTTP/1.1" 307 23
2025-01-23 11:56:34,847 - DEBUG - https://tranco-list.eu:443 "GET /download/daily/top-1m.csv.zip HTTP/1.1" 200 9739094
2025-01-23 11:56:36,401 - INFO - [31m[1mWARNING: This is a development server. Do not use it in a production deployment. Use a production WSGI server instead.[0m
 * Running on http://127.0.0.1:5000
2025-01-23 11:56:36,403 - INFO - [33mPress CTRL+C to quit[0m
2025-01-23 11:56:36,405 - INFO -  * Restarting with stat
2025-01-23 11:56:36,831 - DEBUG - Starting new HTTPS connection (1): tranco-list.eu:443
2025-01-23 11:56:37,071 - DEBUG - https://tranco-list.eu:443 "GET /top-1m.csv.zip HTTP/1.1" 307 23
2025-01-23 11:56:37,103 - DEBUG - https://tranco-list.eu:443 "GET /download/daily/top-1m.csv.zip HTTP/1.1" 200 9739094
2025-01-23 11:56:38,199 - WARNING -  * Debugger is active!
2025-01-23 11:56:38,202 - INFO -  * Debugger PIN: 109-864-221
2025-01-23 11:59:09,649 - INFO - Received request to analyze URL: http://example.com/login
2025-01-23 11:59:09,658 - INFO - Starting redirect chain analysis for URL: http://example.com/login
2025-01-23 11:59:09,660 - DEBUG - Starting new HTTP connection (1): example.com:80
2025-01-23 11:59:10,096 - DEBUG - http://example.com:80 "GET /login HTTP/1.1" 404 1256
2025-01-23 11:59:10,098 - INFO - Final URL after redirects: http://example.com/login
2025-01-23 11:59:10,099 - INFO - Checking URL against Google Safe Browsing: http://example.com/login
2025-01-23 11:59:10,102 - DEBUG - Starting new HTTPS connection (1): safebrowsing.googleapis.com:443
2025-01-23 11:59:10,167 - DEBUG - https://safebrowsing.googleapis.com:443 "POST /v4/threatMatches:find?key=AIzaSyCISF0aUZRzWEni1VkqlwJfOGbi2ejqA8Y HTTP/1.1" 200 3
2025-01-23 11:59:10,168 - DEBUG - Google Safe Browsing response for http://example.com/login: {}
2025-01-23 11:59:10,171 - DEBUG - Starting new HTTP connection (1): example.com:80
2025-01-23 11:59:10,258 - DEBUG - http://example.com:80 "GET /login HTTP/1.1" 404 1256
2025-01-23 11:59:10,259 - ERROR - Error fetching HTML content for http://example.com/login: 404 Client Error: Not Found for url: http://example.com/login
2025-01-23 11:59:10,261 - INFO - Analysis completed for URL: http://example.com/login
2025-01-23 11:59:10,262 - INFO - 127.0.0.1 - - [23/Jan/2025 11:59:10] "POST /analyze_url HTTP/1.1" 200 -
2025-01-23 12:04:14,228 - DEBUG - Starting new HTTPS connection (1): tranco-list.eu:443
2025-01-23 12:04:15,049 - DEBUG - https://tranco-list.eu:443 "GET /top-1m.csv.zip HTTP/1.1" 307 23
2025-01-23 12:04:15,085 - DEBUG - https://tranco-list.eu:443 "GET /download/daily/top-1m.csv.zip HTTP/1.1" 200 9739094
2025-01-23 12:04:16,285 - INFO - [31m[1mWARNING: This is a development server. Do not use it in a production deployment. Use a production WSGI server instead.[0m
 * Running on http://127.0.0.1:5000
2025-01-23 12:04:16,285 - INFO - [33mPress CTRL+C to quit[0m
2025-01-23 12:04:16,287 - INFO -  * Restarting with stat
2025-01-23 12:04:16,739 - DEBUG - Starting new HTTPS connection (1): tranco-list.eu:443
2025-01-23 12:04:16,966 - DEBUG - https://tranco-list.eu:443 "GET /top-1m.csv.zip HTTP/1.1" 307 23
2025-01-23 12:04:16,998 - DEBUG - https://tranco-list.eu:443 "GET /download/daily/top-1m.csv.zip HTTP/1.1" 200 9739094
2025-01-23 12:04:18,160 - WARNING -  * Debugger is active!
2025-01-23 12:04:18,164 - INFO -  * Debugger PIN: 109-864-221
2025-01-23 12:04:34,686 - INFO - Received request to analyze URL: http://example.com/login
2025-01-23 12:04:34,695 - INFO - Starting redirect chain analysis for URL: http://example.com/login
2025-01-23 12:04:34,697 - DEBUG - Starting new HTTP connection (1): example.com:80
2025-01-23 12:04:34,987 - DEBUG - http://example.com:80 "GET /login HTTP/1.1" 404 1256
2025-01-23 12:04:34,988 - INFO - Final URL after redirects: http://example.com/login
2025-01-23 12:04:34,990 - INFO - Checking URL against Google Safe Browsing: http://example.com/login
2025-01-23 12:04:34,991 - DEBUG - Starting new HTTPS connection (1): safebrowsing.googleapis.com:443
2025-01-23 12:04:35,055 - DEBUG - https://safebrowsing.googleapis.com:443 "POST /v4/threatMatches:find?key=AIzaSyCISF0aUZRzWEni1VkqlwJfOGbi2ejqA8Y HTTP/1.1" 200 3
2025-01-23 12:04:35,056 - DEBUG - Google Safe Browsing response for http://example.com/login: {}
2025-01-23 12:04:35,063 - DEBUG - Starting new HTTP connection (1): example.com:80
2025-01-23 12:04:35,199 - DEBUG - http://example.com:80 "GET /login HTTP/1.1" 404 1256
2025-01-23 12:04:35,200 - ERROR - Error fetching HTML content for http://example.com/login: 404 Client Error: Not Found for url: http://example.com/login
2025-01-23 12:04:35,201 - INFO - Analysis completed for URL: http://example.com/login
2025-01-23 12:04:35,203 - INFO - 127.0.0.1 - - [23/Jan/2025 12:04:35] "POST /analyze_url HTTP/1.1" 200 -
2025-01-23 12:08:58,905 - INFO - Received request to analyze URL: https://amazon.jobs/content/en/our-workplace/leadership-principles
2025-01-23 12:08:58,906 - INFO - Starting redirect chain analysis for URL: https://amazon.jobs/content/en/our-workplace/leadership-principles
2025-01-23 12:08:58,907 - DEBUG - Starting new HTTPS connection (1): amazon.jobs:443
2025-01-23 12:08:59,583 - DEBUG - https://amazon.jobs:443 "GET /content/en/our-workplace/leadership-principles HTTP/1.1" 200 None
2025-01-23 12:08:59,669 - INFO - Final URL after redirects: https://amazon.jobs/content/en/our-workplace/leadership-principles
2025-01-23 12:08:59,670 - INFO - Checking URL against Google Safe Browsing: https://amazon.jobs/content/en/our-workplace/leadership-principles
2025-01-23 12:08:59,671 - DEBUG - Starting new HTTPS connection (1): safebrowsing.googleapis.com:443
2025-01-23 12:08:59,733 - DEBUG - https://safebrowsing.googleapis.com:443 "POST /v4/threatMatches:find?key=AIzaSyCISF0aUZRzWEni1VkqlwJfOGbi2ejqA8Y HTTP/1.1" 200 3
2025-01-23 12:08:59,735 - DEBUG - Google Safe Browsing response for https://amazon.jobs/content/en/our-workplace/leadership-principles: {}
2025-01-23 12:08:59,737 - DEBUG - Starting new HTTPS connection (1): amazon.jobs:443
2025-01-23 12:08:59,938 - DEBUG - https://amazon.jobs:443 "GET /content/en/our-workplace/leadership-principles HTTP/1.1" 200 None
2025-01-23 12:09:00,041 - INFO - Analysis completed for URL: https://amazon.jobs/content/en/our-workplace/leadership-principles
2025-01-23 12:09:00,042 - INFO - 127.0.0.1 - - [23/Jan/2025 12:09:00] "POST /analyze_url HTTP/1.1" 200 -
2025-01-23 12:28:24,304 - INFO -  * Detected change in 'C:\\Users\\conne\\OneDrive\\Desktop\\PhishStix\\PhishStix\\backend\\run.py', reloading
2025-01-23 12:28:24,349 - INFO -  * Restarting with stat
2025-01-23 12:28:24,758 - DEBUG - Starting new HTTPS connection (1): tranco-list.eu:443
2025-01-23 12:28:25,468 - DEBUG - https://tranco-list.eu:443 "GET /top-1m.csv.zip HTTP/1.1" 307 23
2025-01-23 12:28:25,850 - DEBUG - https://tranco-list.eu:443 "GET /download/daily/top-1m.csv.zip HTTP/1.1" 200 9739094
2025-01-23 12:28:26,852 - WARNING -  * Debugger is active!
2025-01-23 12:28:26,852 - INFO -  * Debugger PIN: 109-864-221
2025-01-23 12:30:14,975 - INFO -  * Detected change in 'C:\\Users\\conne\\OneDrive\\Desktop\\PhishStix\\PhishStix\\backend\\run.py', reloading
2025-01-23 12:30:15,007 - INFO -  * Restarting with stat
2025-01-23 12:31:28,869 - DEBUG - Starting new HTTPS connection (1): tranco-list.eu:443
2025-01-23 12:31:29,224 - DEBUG - https://tranco-list.eu:443 "GET /top-1m.csv.zip HTTP/1.1" 307 23
2025-01-23 12:31:29,269 - DEBUG - https://tranco-list.eu:443 "GET /download/daily/top-1m.csv.zip HTTP/1.1" 200 9739094
2025-01-23 12:31:30,455 - INFO - [31m[1mWARNING: This is a development server. Do not use it in a production deployment. Use a production WSGI server instead.[0m
 * Running on http://127.0.0.1:5000
2025-01-23 12:31:30,455 - INFO - [33mPress CTRL+C to quit[0m
2025-01-23 12:31:30,458 - INFO -  * Restarting with stat
2025-01-23 12:31:30,921 - DEBUG - Starting new HTTPS connection (1): tranco-list.eu:443
2025-01-23 12:31:31,137 - DEBUG - https://tranco-list.eu:443 "GET /top-1m.csv.zip HTTP/1.1" 307 23
2025-01-23 12:31:31,164 - DEBUG - https://tranco-list.eu:443 "GET /download/daily/top-1m.csv.zip HTTP/1.1" 200 9739094
2025-01-23 12:31:32,298 - WARNING -  * Debugger is active!
2025-01-23 12:31:32,302 - INFO -  * Debugger PIN: 109-864-221
2025-01-23 12:31:45,870 - INFO - Received request to analyze URL: https://amazon.jobs/content/en/our-workplace/leadership-principles
2025-01-23 12:31:45,881 - INFO - Starting redirect chain analysis for URL: https://amazon.jobs/content/en/our-workplace/leadership-principles
2025-01-23 12:31:45,884 - DEBUG - Starting new HTTPS connection (1): amazon.jobs:443
2025-01-23 12:31:46,335 - DEBUG - https://amazon.jobs:443 "GET /content/en/our-workplace/leadership-principles HTTP/1.1" 200 None
2025-01-23 12:31:46,423 - INFO - Final URL after redirects: https://amazon.jobs/content/en/our-workplace/leadership-principles
2025-01-23 12:31:46,425 - INFO - Checking URL against Google Safe Browsing: https://amazon.jobs/content/en/our-workplace/leadership-principles
2025-01-23 12:31:46,428 - DEBUG - Starting new HTTPS connection (1): safebrowsing.googleapis.com:443
2025-01-23 12:31:46,492 - DEBUG - https://safebrowsing.googleapis.com:443 "POST /v4/threatMatches:find?key=AIzaSyCISF0aUZRzWEni1VkqlwJfOGbi2ejqA8Y HTTP/1.1" 200 3
2025-01-23 12:31:46,493 - DEBUG - Google Safe Browsing response for https://amazon.jobs/content/en/our-workplace/leadership-principles: {}
2025-01-23 12:31:46,497 - DEBUG - Starting new HTTPS connection (1): amazon.jobs:443
2025-01-23 12:31:46,737 - DEBUG - https://amazon.jobs:443 "GET /content/en/our-workplace/leadership-principles HTTP/1.1" 200 None
2025-01-23 12:31:46,855 - INFO - Analysis completed for URL: https://amazon.jobs/content/en/our-workplace/leadership-principles
2025-01-23 12:31:46,858 - INFO - 127.0.0.1 - - [23/Jan/2025 12:31:46] "POST /analyze_url HTTP/1.1" 200 -
2025-01-23 12:33:35,137 - INFO -  * Detected change in 'C:\\Users\\conne\\OneDrive\\Desktop\\PhishStix\\PhishStix\\backend\\run.py', reloading
2025-01-23 12:33:35,184 - INFO -  * Restarting with stat
2025-01-23 12:33:35,585 - DEBUG - Starting new HTTPS connection (1): tranco-list.eu:443
2025-01-23 12:33:35,952 - DEBUG - https://tranco-list.eu:443 "GET /top-1m.csv.zip HTTP/1.1" 307 23
2025-01-23 12:33:35,996 - DEBUG - https://tranco-list.eu:443 "GET /download/daily/top-1m.csv.zip HTTP/1.1" 200 9739094
2025-01-23 12:33:37,132 - WARNING -  * Debugger is active!
2025-01-23 12:33:37,140 - INFO -  * Debugger PIN: 109-864-221
2025-01-23 12:34:21,339 - INFO -  * Detected change in 'C:\\Users\\conne\\OneDrive\\Desktop\\PhishStix\\PhishStix\\backend\\run.py', reloading
2025-01-23 12:34:21,378 - INFO -  * Restarting with stat
2025-01-23 12:34:21,755 - DEBUG - Starting new HTTPS connection (1): tranco-list.eu:443
2025-01-23 12:34:22,007 - DEBUG - https://tranco-list.eu:443 "GET /top-1m.csv.zip HTTP/1.1" 307 23
2025-01-23 12:34:22,036 - DEBUG - https://tranco-list.eu:443 "GET /download/daily/top-1m.csv.zip HTTP/1.1" 200 9739094
2025-01-23 12:34:23,058 - WARNING -  * Debugger is active!
2025-01-23 12:34:23,069 - INFO -  * Debugger PIN: 109-864-221
2025-01-23 12:34:59,127 - DEBUG - Starting new HTTPS connection (1): tranco-list.eu:443
2025-01-23 12:34:59,373 - DEBUG - https://tranco-list.eu:443 "GET /top-1m.csv.zip HTTP/1.1" 307 23
2025-01-23 12:34:59,402 - DEBUG - https://tranco-list.eu:443 "GET /download/daily/top-1m.csv.zip HTTP/1.1" 200 9739094
2025-01-23 12:35:00,528 - INFO - [31m[1mWARNING: This is a development server. Do not use it in a production deployment. Use a production WSGI server instead.[0m
 * Running on http://127.0.0.1:5000
2025-01-23 12:35:00,529 - INFO - [33mPress CTRL+C to quit[0m
2025-01-23 12:35:00,531 - INFO -  * Restarting with stat
2025-01-23 12:35:01,029 - DEBUG - Starting new HTTPS connection (1): tranco-list.eu:443
2025-01-23 12:35:01,267 - DEBUG - https://tranco-list.eu:443 "GET /top-1m.csv.zip HTTP/1.1" 307 23
2025-01-23 12:35:01,308 - DEBUG - https://tranco-list.eu:443 "GET /download/daily/top-1m.csv.zip HTTP/1.1" 200 9739094
2025-01-23 12:35:02,346 - WARNING -  * Debugger is active!
2025-01-23 12:35:02,346 - INFO -  * Debugger PIN: 109-864-221
2025-01-23 12:35:12,710 - INFO - Received request to analyze URL: https://amazon.jobs/content/en/our-workplace/leadership-principles
2025-01-23 12:35:12,719 - INFO - Starting redirect chain analysis for URL: https://amazon.jobs/content/en/our-workplace/leadership-principles
2025-01-23 12:35:12,722 - DEBUG - Starting new HTTPS connection (1): amazon.jobs:443
2025-01-23 12:35:12,952 - DEBUG - https://amazon.jobs:443 "GET /content/en/our-workplace/leadership-principles HTTP/1.1" 200 None
2025-01-23 12:35:13,046 - INFO - Final URL after redirects: https://amazon.jobs/content/en/our-workplace/leadership-principles
2025-01-23 12:35:13,048 - INFO - Checking URL against Google Safe Browsing: https://amazon.jobs/content/en/our-workplace/leadership-principles
2025-01-23 12:35:13,052 - DEBUG - Starting new HTTPS connection (1): safebrowsing.googleapis.com:443
2025-01-23 12:35:13,113 - DEBUG - https://safebrowsing.googleapis.com:443 "POST /v4/threatMatches:find?key=AIzaSyCISF0aUZRzWEni1VkqlwJfOGbi2ejqA8Y HTTP/1.1" 200 3
2025-01-23 12:35:13,114 - DEBUG - Google Safe Browsing response for https://amazon.jobs/content/en/our-workplace/leadership-principles: {}
2025-01-23 12:35:13,120 - DEBUG - Starting new HTTPS connection (1): amazon.jobs:443
2025-01-23 12:35:13,361 - DEBUG - https://amazon.jobs:443 "GET /content/en/our-workplace/leadership-principles HTTP/1.1" 200 None
2025-01-23 12:35:13,522 - INFO - Analysis completed for URL: https://amazon.jobs/content/en/our-workplace/leadership-principles
2025-01-23 12:35:13,524 - INFO - 127.0.0.1 - - [23/Jan/2025 12:35:13] "POST /analyze_url HTTP/1.1" 200 -
2025-01-23 12:37:41,217 - INFO -  * Detected change in 'C:\\Users\\conne\\OneDrive\\Desktop\\PhishStix\\PhishStix\\backend\\run.py', reloading
2025-01-23 12:37:41,257 - INFO -  * Restarting with stat
2025-01-23 12:37:41,687 - DEBUG - Starting new HTTPS connection (1): tranco-list.eu:443
2025-01-23 12:37:41,916 - DEBUG - https://tranco-list.eu:443 "GET /top-1m.csv.zip HTTP/1.1" 307 23
2025-01-23 12:37:41,946 - DEBUG - https://tranco-list.eu:443 "GET /download/daily/top-1m.csv.zip HTTP/1.1" 200 9739094
2025-01-23 12:37:43,014 - WARNING -  * Debugger is active!
2025-01-23 12:37:43,017 - INFO -  * Debugger PIN: 109-864-221
2025-01-23 12:37:46,110 - INFO -  * Detected change in 'C:\\Users\\conne\\OneDrive\\Desktop\\PhishStix\\PhishStix\\backend\\run.py', reloading
2025-01-23 12:37:46,161 - INFO -  * Restarting with stat
2025-01-23 12:37:46,588 - DEBUG - Starting new HTTPS connection (1): tranco-list.eu:443
2025-01-23 12:37:46,830 - DEBUG - https://tranco-list.eu:443 "GET /top-1m.csv.zip HTTP/1.1" 307 23
2025-01-23 12:37:46,861 - DEBUG - https://tranco-list.eu:443 "GET /download/daily/top-1m.csv.zip HTTP/1.1" 200 9739094
2025-01-23 12:37:48,013 - WARNING -  * Debugger is active!
2025-01-23 12:37:48,018 - INFO -  * Debugger PIN: 109-864-221
2025-01-23 12:37:59,362 - DEBUG - Starting new HTTPS connection (1): tranco-list.eu:443
2025-01-23 12:37:59,618 - DEBUG - https://tranco-list.eu:443 "GET /top-1m.csv.zip HTTP/1.1" 307 23
2025-01-23 12:37:59,661 - DEBUG - https://tranco-list.eu:443 "GET /download/daily/top-1m.csv.zip HTTP/1.1" 200 9739094
2025-01-23 12:38:00,794 - INFO - [31m[1mWARNING: This is a development server. Do not use it in a production deployment. Use a production WSGI server instead.[0m
 * Running on http://127.0.0.1:5000
2025-01-23 12:38:00,794 - INFO - [33mPress CTRL+C to quit[0m
2025-01-23 12:38:00,797 - INFO -  * Restarting with stat
2025-01-23 12:38:01,290 - DEBUG - Starting new HTTPS connection (1): tranco-list.eu:443
2025-01-23 12:38:01,498 - DEBUG - https://tranco-list.eu:443 "GET /top-1m.csv.zip HTTP/1.1" 307 23
2025-01-23 12:38:01,541 - DEBUG - https://tranco-list.eu:443 "GET /download/daily/top-1m.csv.zip HTTP/1.1" 200 9739094
2025-01-23 12:38:02,559 - WARNING -  * Debugger is active!
2025-01-23 12:38:02,559 - INFO -  * Debugger PIN: 109-864-221
2025-01-23 12:38:21,067 - INFO - Received request to analyze URL: https://amazon.jobs/content/en/our-workplace/leadership-principles
2025-01-23 12:38:21,075 - INFO - Starting redirect chain analysis for URL: https://amazon.jobs/content/en/our-workplace/leadership-principles
2025-01-23 12:38:21,078 - DEBUG - Starting new HTTPS connection (1): amazon.jobs:443
2025-01-23 12:38:21,295 - DEBUG - https://amazon.jobs:443 "GET /content/en/our-workplace/leadership-principles HTTP/1.1" 200 None
2025-01-23 12:38:21,406 - INFO - Final URL after redirects: https://amazon.jobs/content/en/our-workplace/leadership-principles
2025-01-23 12:38:21,407 - INFO - Checking URL against Google Safe Browsing: https://amazon.jobs/content/en/our-workplace/leadership-principles
2025-01-23 12:38:21,414 - DEBUG - Starting new HTTPS connection (1): safebrowsing.googleapis.com:443
2025-01-23 12:38:21,475 - DEBUG - https://safebrowsing.googleapis.com:443 "POST /v4/threatMatches:find?key=AIzaSyCISF0aUZRzWEni1VkqlwJfOGbi2ejqA8Y HTTP/1.1" 200 3
2025-01-23 12:38:21,478 - DEBUG - Google Safe Browsing response for https://amazon.jobs/content/en/our-workplace/leadership-principles: {}
2025-01-23 12:38:21,487 - DEBUG - Starting new HTTPS connection (1): amazon.jobs:443
2025-01-23 12:38:21,731 - DEBUG - https://amazon.jobs:443 "GET /content/en/our-workplace/leadership-principles HTTP/1.1" 200 None
2025-01-23 12:38:21,896 - INFO - Analysis completed for URL: https://amazon.jobs/content/en/our-workplace/leadership-principles
2025-01-23 12:38:21,897 - INFO - 127.0.0.1 - - [23/Jan/2025 12:38:21] "POST /analyze_url HTTP/1.1" 200 -
2025-01-23 12:42:19,509 - DEBUG - Starting new HTTPS connection (1): tranco-list.eu:443
2025-01-23 12:42:20,377 - DEBUG - https://tranco-list.eu:443 "GET /top-1m.csv.zip HTTP/1.1" 307 23
2025-01-23 12:42:20,415 - DEBUG - https://tranco-list.eu:443 "GET /download/daily/top-1m.csv.zip HTTP/1.1" 200 9739094
2025-01-23 12:42:21,525 - INFO - [31m[1mWARNING: This is a development server. Do not use it in a production deployment. Use a production WSGI server instead.[0m
 * Running on http://127.0.0.1:5000
2025-01-23 12:42:21,525 - INFO - [33mPress CTRL+C to quit[0m
2025-01-23 12:42:21,527 - INFO -  * Restarting with stat
2025-01-23 12:42:21,906 - DEBUG - Starting new HTTPS connection (1): tranco-list.eu:443
2025-01-23 12:42:22,151 - DEBUG - https://tranco-list.eu:443 "GET /top-1m.csv.zip HTTP/1.1" 307 23
2025-01-23 12:42:22,208 - DEBUG - https://tranco-list.eu:443 "GET /download/daily/top-1m.csv.zip HTTP/1.1" 200 9739094
2025-01-23 12:42:23,288 - WARNING -  * Debugger is active!
2025-01-23 12:42:23,291 - INFO -  * Debugger PIN: 109-864-221
2025-01-23 12:42:35,479 - INFO - Received request to analyze URL: https://amazon.jobs/content/en/our-workplace/leadership-principles
2025-01-23 12:42:35,486 - INFO - Starting redirect chain analysis for URL: https://amazon.jobs/content/en/our-workplace/leadership-principles
2025-01-23 12:42:35,488 - DEBUG - Starting new HTTPS connection (1): amazon.jobs:443
2025-01-23 12:42:35,740 - DEBUG - https://amazon.jobs:443 "GET /content/en/our-workplace/leadership-principles HTTP/1.1" 200 None
2025-01-23 12:42:35,880 - INFO - Final URL after redirects: https://amazon.jobs/content/en/our-workplace/leadership-principles
2025-01-23 12:42:35,884 - INFO - Checking URL against Google Safe Browsing: https://amazon.jobs/content/en/our-workplace/leadership-principles
2025-01-23 12:42:35,888 - DEBUG - Starting new HTTPS connection (1): safebrowsing.googleapis.com:443
2025-01-23 12:42:35,962 - DEBUG - https://safebrowsing.googleapis.com:443 "POST /v4/threatMatches:find?key=AIzaSyCISF0aUZRzWEni1VkqlwJfOGbi2ejqA8Y HTTP/1.1" 200 3
2025-01-23 12:42:35,964 - DEBUG - Google Safe Browsing response for https://amazon.jobs/content/en/our-workplace/leadership-principles: {}
2025-01-23 12:42:35,969 - DEBUG - Starting new HTTPS connection (1): amazon.jobs:443
2025-01-23 12:42:36,246 - DEBUG - https://amazon.jobs:443 "GET /content/en/our-workplace/leadership-principles HTTP/1.1" 200 None
2025-01-23 12:42:36,354 - INFO - Analysis completed for URL: https://amazon.jobs/content/en/our-workplace/leadership-principles
2025-01-23 12:42:36,356 - INFO - 127.0.0.1 - - [23/Jan/2025 12:42:36] "POST /analyze_url HTTP/1.1" 200 -
2025-01-23 12:47:44,211 - DEBUG - Starting new HTTPS connection (1): tranco-list.eu:443
2025-01-23 12:47:54,408 - INFO - [31m[1mWARNING: This is a development server. Do not use it in a production deployment. Use a production WSGI server instead.[0m
 * Running on http://127.0.0.1:5000
2025-01-23 12:47:54,408 - INFO - [33mPress CTRL+C to quit[0m
2025-01-23 12:47:54,410 - INFO -  * Restarting with stat
2025-01-23 12:47:54,824 - DEBUG - Starting new HTTPS connection (1): tranco-list.eu:443
2025-01-23 12:47:56,556 - DEBUG - https://tranco-list.eu:443 "GET /top-1m.csv.zip HTTP/1.1" 307 23
2025-01-23 12:47:56,593 - DEBUG - https://tranco-list.eu:443 "GET /download/daily/top-1m.csv.zip HTTP/1.1" 200 9739094
2025-01-23 12:47:57,743 - WARNING -  * Debugger is active!
2025-01-23 12:47:57,743 - INFO -  * Debugger PIN: 109-864-221
2025-01-23 12:48:00,721 - INFO - Received request to analyze URL: https://amazon.jobs/content/en/our-workplace/leadership-principles
2025-01-23 12:48:00,729 - INFO - Starting redirect chain analysis for URL: https://amazon.jobs/content/en/our-workplace/leadership-principles
2025-01-23 12:48:00,733 - DEBUG - Starting new HTTPS connection (1): amazon.jobs:443
2025-01-23 12:48:01,005 - DEBUG - https://amazon.jobs:443 "GET /content/en/our-workplace/leadership-principles HTTP/1.1" 200 None
2025-01-23 12:48:01,090 - INFO - Final URL after redirects: https://amazon.jobs/content/en/our-workplace/leadership-principles
2025-01-23 12:48:01,091 - INFO - Checking URL against Google Safe Browsing: https://amazon.jobs/content/en/our-workplace/leadership-principles
2025-01-23 12:48:01,094 - DEBUG - Starting new HTTPS connection (1): safebrowsing.googleapis.com:443
2025-01-23 12:48:01,152 - DEBUG - https://safebrowsing.googleapis.com:443 "POST /v4/threatMatches:find?key=AIzaSyCISF0aUZRzWEni1VkqlwJfOGbi2ejqA8Y HTTP/1.1" 200 3
2025-01-23 12:48:01,153 - DEBUG - Google Safe Browsing response for https://amazon.jobs/content/en/our-workplace/leadership-principles: {}
2025-01-23 12:48:01,157 - DEBUG - Starting new HTTPS connection (1): amazon.jobs:443
2025-01-23 12:48:01,472 - DEBUG - https://amazon.jobs:443 "GET /content/en/our-workplace/leadership-principles HTTP/1.1" 200 None
2025-01-23 12:48:01,610 - INFO - Analysis completed for URL: https://amazon.jobs/content/en/our-workplace/leadership-principles
2025-01-23 12:48:01,611 - INFO - 127.0.0.1 - - [23/Jan/2025 12:48:01] "POST /analyze_url HTTP/1.1" 200 -
2025-01-23 12:52:28,530 - DEBUG - Starting new HTTPS connection (1): tranco-list.eu:443
2025-01-23 12:52:28,882 - DEBUG - https://tranco-list.eu:443 "GET /top-1m.csv.zip HTTP/1.1" 307 23
2025-01-23 12:52:28,914 - DEBUG - https://tranco-list.eu:443 "GET /download/daily/top-1m.csv.zip HTTP/1.1" 200 9739094
2025-01-23 12:52:30,076 - INFO - [31m[1mWARNING: This is a development server. Do not use it in a production deployment. Use a production WSGI server instead.[0m
 * Running on http://127.0.0.1:5000
2025-01-23 12:52:30,076 - INFO - [33mPress CTRL+C to quit[0m
2025-01-23 12:52:30,078 - INFO -  * Restarting with stat
2025-01-23 12:52:30,495 - DEBUG - Starting new HTTPS connection (1): tranco-list.eu:443
2025-01-23 12:52:30,728 - DEBUG - https://tranco-list.eu:443 "GET /top-1m.csv.zip HTTP/1.1" 307 23
2025-01-23 12:52:30,760 - DEBUG - https://tranco-list.eu:443 "GET /download/daily/top-1m.csv.zip HTTP/1.1" 200 9739094
2025-01-23 12:52:31,799 - WARNING -  * Debugger is active!
2025-01-23 12:52:31,804 - INFO -  * Debugger PIN: 109-864-221
2025-01-23 12:52:51,887 - INFO - Received request to analyze URL: https://amazon.jobs/content/en/our-workplace/leadership-principles
2025-01-23 12:52:51,896 - INFO - Starting redirect chain analysis for URL: https://amazon.jobs/content/en/our-workplace/leadership-principles
2025-01-23 12:52:51,898 - DEBUG - Starting new HTTPS connection (1): amazon.jobs:443
2025-01-23 12:52:52,151 - DEBUG - https://amazon.jobs:443 "GET /content/en/our-workplace/leadership-principles HTTP/1.1" 200 None
2025-01-23 12:52:52,276 - INFO - Final URL after redirects: https://amazon.jobs/content/en/our-workplace/leadership-principles
2025-01-23 12:52:52,279 - INFO - Checking URL against Google Safe Browsing: https://amazon.jobs/content/en/our-workplace/leadership-principles
2025-01-23 12:52:52,284 - DEBUG - Starting new HTTPS connection (1): safebrowsing.googleapis.com:443
2025-01-23 12:52:52,361 - DEBUG - https://safebrowsing.googleapis.com:443 "POST /v4/threatMatches:find?key=AIzaSyCISF0aUZRzWEni1VkqlwJfOGbi2ejqA8Y HTTP/1.1" 200 3
2025-01-23 12:52:52,363 - DEBUG - Google Safe Browsing response for https://amazon.jobs/content/en/our-workplace/leadership-principles: {}
2025-01-23 12:52:52,367 - DEBUG - Starting new HTTPS connection (1): amazon.jobs:443
2025-01-23 12:52:52,657 - DEBUG - https://amazon.jobs:443 "GET /content/en/our-workplace/leadership-principles HTTP/1.1" 200 None
2025-01-23 12:52:52,816 - INFO - Analysis completed for URL: https://amazon.jobs/content/en/our-workplace/leadership-principles
2025-01-23 12:52:52,817 - INFO - 127.0.0.1 - - [23/Jan/2025 12:52:52] "POST /analyze_url HTTP/1.1" 200 -
2025-01-23 12:54:39,009 - DEBUG - Starting new HTTPS connection (1): tranco-list.eu:443
2025-01-23 12:54:39,862 - DEBUG - https://tranco-list.eu:443 "GET /top-1m.csv.zip HTTP/1.1" 307 23
2025-01-23 12:54:39,902 - DEBUG - https://tranco-list.eu:443 "GET /download/daily/top-1m.csv.zip HTTP/1.1" 200 9739094
2025-01-23 12:54:40,992 - INFO - [31m[1mWARNING: This is a development server. Do not use it in a production deployment. Use a production WSGI server instead.[0m
 * Running on http://127.0.0.1:5000
2025-01-23 12:54:40,997 - INFO - [33mPress CTRL+C to quit[0m
2025-01-23 12:54:40,999 - INFO -  * Restarting with stat
2025-01-23 12:54:41,386 - DEBUG - Starting new HTTPS connection (1): tranco-list.eu:443
2025-01-23 12:54:41,618 - DEBUG - https://tranco-list.eu:443 "GET /top-1m.csv.zip HTTP/1.1" 307 23
2025-01-23 12:54:41,664 - DEBUG - https://tranco-list.eu:443 "GET /download/daily/top-1m.csv.zip HTTP/1.1" 200 9739094
2025-01-23 12:54:42,722 - WARNING -  * Debugger is active!
2025-01-23 12:54:42,722 - INFO -  * Debugger PIN: 109-864-221
2025-01-23 12:54:53,846 - INFO - Received request to analyze URL: https://amazon.jobs/content/en/our-workplace/leadership-principles
2025-01-23 12:54:53,855 - INFO - Starting redirect chain analysis for URL: https://amazon.jobs/content/en/our-workplace/leadership-principles
2025-01-23 12:54:53,858 - DEBUG - Starting new HTTPS connection (1): amazon.jobs:443
2025-01-23 12:54:54,113 - DEBUG - https://amazon.jobs:443 "GET /content/en/our-workplace/leadership-principles HTTP/1.1" 200 None
2025-01-23 12:54:54,240 - INFO - Final URL after redirects: https://amazon.jobs/content/en/our-workplace/leadership-principles
2025-01-23 12:54:54,241 - INFO - Checking URL against Google Safe Browsing: https://amazon.jobs/content/en/our-workplace/leadership-principles
2025-01-23 12:54:54,243 - DEBUG - Starting new HTTPS connection (1): safebrowsing.googleapis.com:443
2025-01-23 12:54:54,307 - DEBUG - https://safebrowsing.googleapis.com:443 "POST /v4/threatMatches:find?key=AIzaSyCISF0aUZRzWEni1VkqlwJfOGbi2ejqA8Y HTTP/1.1" 200 3
2025-01-23 12:54:54,309 - DEBUG - Google Safe Browsing response for https://amazon.jobs/content/en/our-workplace/leadership-principles: {}
2025-01-23 12:54:54,313 - DEBUG - Starting new HTTPS connection (1): amazon.jobs:443
2025-01-23 12:54:54,528 - DEBUG - https://amazon.jobs:443 "GET /content/en/our-workplace/leadership-principles HTTP/1.1" 200 None
2025-01-23 12:54:54,643 - INFO - Analysis completed for URL: https://amazon.jobs/content/en/our-workplace/leadership-principles
2025-01-23 12:54:54,644 - INFO - 127.0.0.1 - - [23/Jan/2025 12:54:54] "POST /analyze_url HTTP/1.1" 200 -
2025-01-23 12:55:23,723 - INFO - Received request to analyze URL: https://ibmglobal.avature.net/en_US/careers?jobId=6108
2025-01-23 12:55:23,724 - INFO - Starting redirect chain analysis for URL: https://ibmglobal.avature.net/en_US/careers?jobId=6108
2025-01-23 12:55:23,726 - DEBUG - Starting new HTTPS connection (1): ibmglobal.avature.net:443
2025-01-23 12:55:25,284 - DEBUG - https://ibmglobal.avature.net:443 "GET /en_US/careers?jobId=6108 HTTP/1.1" 200 None
2025-01-23 12:55:25,288 - INFO - Final URL after redirects: https://ibmglobal.avature.net/en_US/careers?jobId=6108
2025-01-23 12:55:25,293 - INFO - Checking URL against Google Safe Browsing: https://ibmglobal.avature.net/en_US/careers?jobId=6108
2025-01-23 12:55:25,298 - DEBUG - Starting new HTTPS connection (1): safebrowsing.googleapis.com:443
2025-01-23 12:55:25,381 - DEBUG - https://safebrowsing.googleapis.com:443 "POST /v4/threatMatches:find?key=AIzaSyCISF0aUZRzWEni1VkqlwJfOGbi2ejqA8Y HTTP/1.1" 200 3
2025-01-23 12:55:25,383 - DEBUG - Google Safe Browsing response for https://ibmglobal.avature.net/en_US/careers?jobId=6108: {}
2025-01-23 12:55:25,388 - DEBUG - Starting new HTTPS connection (1): ibmglobal.avature.net:443
2025-01-23 12:55:27,032 - DEBUG - https://ibmglobal.avature.net:443 "GET /en_US/careers?jobId=6108 HTTP/1.1" 200 None
2025-01-23 12:55:27,056 - INFO - Analysis completed for URL: https://ibmglobal.avature.net/en_US/careers?jobId=6108
2025-01-23 12:55:27,056 - INFO - 127.0.0.1 - - [23/Jan/2025 12:55:27] "POST /analyze_url HTTP/1.1" 200 -
2025-01-23 13:00:32,890 - DEBUG - Starting new HTTPS connection (1): tranco-list.eu:443
2025-01-23 13:00:33,246 - DEBUG - https://tranco-list.eu:443 "GET /top-1m.csv.zip HTTP/1.1" 307 23
2025-01-23 13:00:33,604 - DEBUG - https://tranco-list.eu:443 "GET /download/daily/top-1m.csv.zip HTTP/1.1" 200 9739094
2025-01-23 13:00:34,698 - INFO - [31m[1mWARNING: This is a development server. Do not use it in a production deployment. Use a production WSGI server instead.[0m
 * Running on http://127.0.0.1:5000
2025-01-23 13:00:34,700 - INFO - [33mPress CTRL+C to quit[0m
2025-01-23 13:00:34,702 - INFO -  * Restarting with stat
2025-01-23 13:00:35,106 - DEBUG - Starting new HTTPS connection (1): tranco-list.eu:443
2025-01-23 13:00:35,358 - DEBUG - https://tranco-list.eu:443 "GET /top-1m.csv.zip HTTP/1.1" 307 23
2025-01-23 13:00:35,421 - DEBUG - https://tranco-list.eu:443 "GET /download/daily/top-1m.csv.zip HTTP/1.1" 200 9739094
2025-01-23 13:00:36,582 - WARNING -  * Debugger is active!
2025-01-23 13:00:36,585 - INFO -  * Debugger PIN: 109-864-221
2025-01-23 13:00:50,315 - INFO - Received request to analyze URL: https://ibmglobal.avature.net/en_US/careers?jobId=6108
2025-01-23 13:00:50,325 - INFO - Starting redirect chain analysis for URL: https://ibmglobal.avature.net/en_US/careers?jobId=6108
2025-01-23 13:00:50,328 - DEBUG - Starting new HTTPS connection (1): ibmglobal.avature.net:443
2025-01-23 13:00:52,306 - DEBUG - https://ibmglobal.avature.net:443 "GET /en_US/careers?jobId=6108 HTTP/1.1" 200 None
2025-01-23 13:00:52,311 - INFO - Final URL after redirects: https://ibmglobal.avature.net/en_US/careers?jobId=6108
2025-01-23 13:00:52,313 - INFO - Checking URL against Google Safe Browsing: https://ibmglobal.avature.net/en_US/careers?jobId=6108
2025-01-23 13:00:52,319 - DEBUG - Starting new HTTPS connection (1): safebrowsing.googleapis.com:443
2025-01-23 13:00:52,382 - DEBUG - https://safebrowsing.googleapis.com:443 "POST /v4/threatMatches:find?key=AIzaSyCISF0aUZRzWEni1VkqlwJfOGbi2ejqA8Y HTTP/1.1" 200 3
2025-01-23 13:00:52,383 - DEBUG - Google Safe Browsing response for https://ibmglobal.avature.net/en_US/careers?jobId=6108: {}
2025-01-23 13:00:52,391 - DEBUG - Starting new HTTPS connection (1): ibmglobal.avature.net:443
2025-01-23 13:00:54,588 - DEBUG - https://ibmglobal.avature.net:443 "GET /en_US/careers?jobId=6108 HTTP/1.1" 200 None
2025-01-23 13:00:54,610 - INFO - Analysis completed for URL: https://ibmglobal.avature.net/en_US/careers?jobId=6108
2025-01-23 13:00:54,611 - INFO - 127.0.0.1 - - [23/Jan/2025 13:00:54] "POST /analyze_url HTTP/1.1" 200 -
2025-01-23 13:17:50,460 - DEBUG - Starting new HTTPS connection (1): tranco-list.eu:443
2025-01-23 13:17:51,099 - DEBUG - https://tranco-list.eu:443 "GET /top-1m.csv.zip HTTP/1.1" 307 23
2025-01-23 13:17:51,128 - DEBUG - https://tranco-list.eu:443 "GET /download/daily/top-1m.csv.zip HTTP/1.1" 200 9739094
2025-01-23 13:17:52,192 - INFO - [31m[1mWARNING: This is a development server. Do not use it in a production deployment. Use a production WSGI server instead.[0m
 * Running on http://127.0.0.1:5000
2025-01-23 13:17:52,193 - INFO - [33mPress CTRL+C to quit[0m
2025-01-23 13:17:52,195 - INFO -  * Restarting with stat
2025-01-23 13:17:52,647 - DEBUG - Starting new HTTPS connection (1): tranco-list.eu:443
2025-01-23 13:17:52,857 - DEBUG - https://tranco-list.eu:443 "GET /top-1m.csv.zip HTTP/1.1" 307 23
2025-01-23 13:17:52,886 - DEBUG - https://tranco-list.eu:443 "GET /download/daily/top-1m.csv.zip HTTP/1.1" 200 9739094
2025-01-23 13:17:53,886 - WARNING -  * Debugger is active!
2025-01-23 13:17:53,889 - INFO -  * Debugger PIN: 109-864-221
2025-01-23 13:18:22,469 - INFO - Received request to analyze URL: https://amazon.jobs/content/en/our-workplace/leadership-principles
2025-01-23 13:18:22,477 - INFO - Starting redirect chain analysis for URL: https://amazon.jobs/content/en/our-workplace/leadership-principles
2025-01-23 13:18:22,480 - DEBUG - Starting new HTTPS connection (1): amazon.jobs:443
2025-01-23 13:18:23,308 - DEBUG - https://amazon.jobs:443 "GET /content/en/our-workplace/leadership-principles HTTP/1.1" 200 None
2025-01-23 13:18:23,396 - INFO - Final URL after redirects: https://amazon.jobs/content/en/our-workplace/leadership-principles
2025-01-23 13:18:23,397 - INFO - Checking URL against Google Safe Browsing: https://amazon.jobs/content/en/our-workplace/leadership-principles
2025-01-23 13:18:23,399 - DEBUG - Starting new HTTPS connection (1): safebrowsing.googleapis.com:443
2025-01-23 13:18:23,490 - DEBUG - https://safebrowsing.googleapis.com:443 "POST /v4/threatMatches:find?key=AIzaSyCISF0aUZRzWEni1VkqlwJfOGbi2ejqA8Y HTTP/1.1" 200 3
2025-01-23 13:18:23,491 - DEBUG - Google Safe Browsing response for https://amazon.jobs/content/en/our-workplace/leadership-principles: {}
2025-01-23 13:18:23,493 - DEBUG - Starting new HTTPS connection (1): amazon.jobs:443
2025-01-23 13:18:23,693 - DEBUG - https://amazon.jobs:443 "GET /content/en/our-workplace/leadership-principles HTTP/1.1" 200 None
2025-01-23 13:18:23,884 - DEBUG - Attempting to acquire lock 2227636117712 on C:\Users\conne\.cache\python-tldextract\3.9.12.final__venv__725f14__tldextract-5.1.3\publicsuffix.org-tlds\de84b5ca2167d4c83e38fb162f2e8738.tldextract.json.lock
2025-01-23 13:18:23,885 - DEBUG - Lock 2227636117712 acquired on C:\Users\conne\.cache\python-tldextract\3.9.12.final__venv__725f14__tldextract-5.1.3\publicsuffix.org-tlds\de84b5ca2167d4c83e38fb162f2e8738.tldextract.json.lock
2025-01-23 13:18:23,886 - DEBUG - Attempting to acquire lock 2227636119152 on C:\Users\conne\.cache\python-tldextract\3.9.12.final__venv__725f14__tldextract-5.1.3\urls\62bf135d1c2f3d4db4228b9ecaf507a2.tldextract.json.lock
2025-01-23 13:18:23,887 - DEBUG - Lock 2227636119152 acquired on C:\Users\conne\.cache\python-tldextract\3.9.12.final__venv__725f14__tldextract-5.1.3\urls\62bf135d1c2f3d4db4228b9ecaf507a2.tldextract.json.lock
2025-01-23 13:18:23,889 - DEBUG - Starting new HTTPS connection (1): publicsuffix.org:443
2025-01-23 13:18:23,955 - DEBUG - https://publicsuffix.org:443 "GET /list/public_suffix_list.dat HTTP/1.1" 200 86470
2025-01-23 13:18:23,998 - DEBUG - Attempting to release lock 2227636119152 on C:\Users\conne\.cache\python-tldextract\3.9.12.final__venv__725f14__tldextract-5.1.3\urls\62bf135d1c2f3d4db4228b9ecaf507a2.tldextract.json.lock
2025-01-23 13:18:24,000 - DEBUG - Lock 2227636119152 released on C:\Users\conne\.cache\python-tldextract\3.9.12.final__venv__725f14__tldextract-5.1.3\urls\62bf135d1c2f3d4db4228b9ecaf507a2.tldextract.json.lock
2025-01-23 13:18:24,024 - DEBUG - Attempting to release lock 2227636117712 on C:\Users\conne\.cache\python-tldextract\3.9.12.final__venv__725f14__tldextract-5.1.3\publicsuffix.org-tlds\de84b5ca2167d4c83e38fb162f2e8738.tldextract.json.lock
2025-01-23 13:18:24,026 - DEBUG - Lock 2227636117712 released on C:\Users\conne\.cache\python-tldextract\3.9.12.final__venv__725f14__tldextract-5.1.3\publicsuffix.org-tlds\de84b5ca2167d4c83e38fb162f2e8738.tldextract.json.lock
2025-01-23 13:18:24,045 - INFO - Analysis completed for URL: https://amazon.jobs/content/en/our-workplace/leadership-principles
2025-01-23 13:18:24,048 - INFO - 127.0.0.1 - - [23/Jan/2025 13:18:24] "POST /analyze_url HTTP/1.1" 200 -
2025-01-23 13:18:28,516 - INFO - Received request to analyze URL: https://ibmglobal.avature.net/en_US/careers?jobId=6108
2025-01-23 13:18:28,517 - INFO - Starting redirect chain analysis for URL: https://ibmglobal.avature.net/en_US/careers?jobId=6108
2025-01-23 13:18:28,520 - DEBUG - Starting new HTTPS connection (1): ibmglobal.avature.net:443
2025-01-23 13:18:29,929 - DEBUG - https://ibmglobal.avature.net:443 "GET /en_US/careers?jobId=6108 HTTP/1.1" 200 None
2025-01-23 13:18:29,931 - INFO - Final URL after redirects: https://ibmglobal.avature.net/en_US/careers?jobId=6108
2025-01-23 13:18:29,933 - INFO - Checking URL against Google Safe Browsing: https://ibmglobal.avature.net/en_US/careers?jobId=6108
2025-01-23 13:18:29,937 - DEBUG - Starting new HTTPS connection (1): safebrowsing.googleapis.com:443
2025-01-23 13:18:29,992 - DEBUG - https://safebrowsing.googleapis.com:443 "POST /v4/threatMatches:find?key=AIzaSyCISF0aUZRzWEni1VkqlwJfOGbi2ejqA8Y HTTP/1.1" 200 3
2025-01-23 13:18:29,994 - DEBUG - Google Safe Browsing response for https://ibmglobal.avature.net/en_US/careers?jobId=6108: {}
2025-01-23 13:18:30,002 - DEBUG - Starting new HTTPS connection (1): ibmglobal.avature.net:443
2025-01-23 13:18:31,468 - DEBUG - https://ibmglobal.avature.net:443 "GET /en_US/careers?jobId=6108 HTTP/1.1" 200 None
2025-01-23 13:18:31,488 - INFO - Analysis completed for URL: https://ibmglobal.avature.net/en_US/careers?jobId=6108
2025-01-23 13:18:31,489 - INFO - 127.0.0.1 - - [23/Jan/2025 13:18:31] "POST /analyze_url HTTP/1.1" 200 -
